HDF5-DIAG: Error detected in HDF5 (version (number)) thread (IDs):
  #000: (file name) line (number) in H5Oopen(): unable to open object
    major: Symbol table
    minor: Can't open object
  #001: (file name) line (number) in H5O_open_name(): object not found
    major: Symbol table
    minor: Object not found
  #002: (file name) line (number) in H5G_loc_find(): can't find object
    major: Symbol table
    minor: Object not found
  #003: (file name) line (number) in H5G_traverse(): internal path traversal failed
    major: Symbol table
    minor: Object not found
  #004: (file name) line (number) in H5G_traverse_real(): special link traversal failed
    major: Links
    minor: Link traversal failure
  #005: (file name) line (number) in H5G__traverse_special(): user-defined link traversal failed
    major: Links
    minor: Link traversal failure
  #006: (file name) line (number) in H5G_traverse_ud(): traversal callback returned invalid ID
    major: Symbol table
    minor: Unable to find atom information (already closed?)
  #007: (file name) line (number) in H5L_extern_traverse(): unable to open object
    major: Symbol table
    minor: Can't open object
  #008: (file name) line (number) in H5O_open_name(): object not found
    major: Symbol table
    minor: Object not found
  #009: (file name) line (number) in H5G_loc_find(): can't find object
    major: Symbol table
    minor: Object not found
  #010: (file name) line (number) in H5G_traverse(): internal path traversal failed
    major: Symbol table
    minor: Object not found
  #011: (file name) line (number) in H5G_traverse_real(): special link traversal failed
    major: Links
    minor: Link traversal failure
  #012: (file name) line (number) in H5G__traverse_special(): symbolic link traversal failed
    major: Links
    minor: Link traversal failure
  #013: (file name) line (number) in H5G_traverse_slink(): unable to follow symbolic link
    major: Symbol table
    minor: Object not found
  #014: (file name) line (number) in H5G_traverse_real(): traversal operator failed
    major: Symbol table
    minor: Callback failed
  #015: (file name) line (number) in H5G_traverse_slink_cb(): component not found
    major: Symbol table
    minor: Object not found
HDF5-DIAG: Error detected in HDF5 (version (number)) thread (IDs):
  #000: (file name) line (number) in H5G_loc_find(): can't find object
    major: Symbol table
    minor: Object not found
  #001: (file name) line (number) in H5G_traverse(): internal path traversal failed
    major: Symbol table
    minor: Object not found
  #002: (file name) line (number) in H5G_traverse_real(): special link traversal failed
    major: Links
    minor: Link traversal failure
  #003: (file name) line (number) in H5G__traverse_special(): user-defined link traversal failed
    major: Links
    minor: Link traversal failure
  #004: (file name) line (number) in H5G_traverse_ud(): traversal callback returned invalid ID
    major: Symbol table
    minor: Unable to find atom information (already closed?)
  #005: (file name) line (number) in H5L_extern_traverse(): unable to open object
    major: Symbol table
    minor: Can't open object
  #006: (file name) line (number) in H5O_open_name(): object not found
    major: Symbol table
    minor: Object not found
  #007: (file name) line (number) in H5G_loc_find(): can't find object
    major: Symbol table
    minor: Object not found
  #008: (file name) line (number) in H5G_traverse(): internal path traversal failed
    major: Symbol table
    minor: Object not found
  #009: (file name) line (number) in H5G_traverse_real(): special link traversal failed
    major: Links
    minor: Link traversal failure
  #010: (file name) line (number) in H5G__traverse_special(): user-defined link traversal failed
    major: Links
    minor: Link traversal failure
  #011: (file name) line (number) in H5G_traverse_ud(): traversal callback returned invalid ID
    major: Symbol table
    minor: Unable to find atom information (already closed?)
  #012: (file name) line (number) in H5L_extern_traverse(): unable to open object
    major: Symbol table
    minor: Can't open object
  #013: (file name) line (number) in H5O_open_name(): object not found
    major: Symbol table
    minor: Object not found
  #014: (file name) line (number) in H5G_loc_find(): can't find object
    major: Symbol table
    minor: Object not found
  #015: (file name) line (number) in H5G_traverse(): internal path traversal failed
    major: Symbol table
    minor: Object not found
  #016: (file name) line (number) in H5G_traverse_real(): special link traversal failed
    major: Links
    minor: Link traversal failure
  #017: (file name) line (number) in H5G__traverse_special(): user-defined link traversal failed
    major: Links
    minor: Link traversal failure
  #018: (file name) line (number) in H5G_traverse_ud(): traversal callback returned invalid ID
    major: Symbol table
    minor: Unable to find atom information (already closed?)
  #019: (file name) line (number) in H5L_extern_traverse(): unable to open object
    major: Symbol table
    minor: Can't open object
  #020: (file name) line (number) in H5O_open_name(): object not found
    major: Symbol table
    minor: Object not found
  #021: (file name) line (number) in H5G_loc_find(): can't find object
    major: Symbol table
    minor: Object not found
  #022: (file name) line (number) in H5G_traverse(): internal path traversal failed
    major: Symbol table
    minor: Object not found
  #023: (file name) line (number) in H5G_traverse_real(): special link traversal failed
    major: Links
    minor: Link traversal failure
  #024: (file name) line (number) in H5G__traverse_special(): user-defined link traversal failed
    major: Links
    minor: Link traversal failure
  #025: (file name) line (number) in H5G_traverse_ud(): traversal callback returned invalid ID
    major: Symbol table
    minor: Unable to find atom information (already closed?)
  #026: (file name) line (number) in H5L_extern_traverse(): unable to open object
    major: Symbol table
    minor: Can't open object
  #027: (file name) line (number) in H5O_open_name(): object not found
    major: Symbol table
    minor: Object not found
  #028: (file name) line (number) in H5G_loc_find(): can't find object
    major: Symbol table
    minor: Object not found
  #029: (file name) line (number) in H5G_traverse(): internal path traversal failed
    major: Symbol table
    minor: Object not found
  #030: (file name) line (number) in H5G_traverse_real(): special link traversal failed
    major: Links
    minor: Link traversal failure
  #031: (file name) line (number) in H5G__traverse_special(): too many links
    major: Links
    minor: Too many soft links in path
HDF5-DIAG: Error detected in HDF5 (version (number)) thread (IDs):
  #000: (file name) line (number) in H5G_loc_find(): can't find object
    major: Symbol table
    minor: Object not found
  #001: (file name) line (number) in H5G_traverse(): internal path traversal failed
    major: Symbol table
    minor: Object not found
  #002: (file name) line (number) in H5G_traverse_real(): special link traversal failed
    major: Links
    minor: Link traversal failure
  #003: (file name) line (number) in H5G__traverse_special(): user-defined link traversal failed
    major: Links
    minor: Link traversal failure
  #004: (file name) line (number) in H5G_traverse_ud(): traversal callback returned invalid ID
    major: Symbol table
    minor: Unable to find atom information (already closed?)
  #005: (file name) line (number) in H5L_extern_traverse(): unable to open object
    major: Symbol table
    minor: Can't open object
  #006: (file name) line (number) in H5O_open_name(): object not found
    major: Symbol table
    minor: Object not found
  #007: (file name) line (number) in H5G_loc_find(): can't find object
    major: Symbol table
    minor: Object not found
  #008: (file name) line (number) in H5G_traverse(): internal path traversal failed
    major: Symbol table
    minor: Object not found
  #009: (file name) line (number) in H5G_traverse_real(): special link traversal failed
    major: Links
    minor: Link traversal failure
  #010: (file name) line (number) in H5G__traverse_special(): user-defined link traversal failed
    major: Links
    minor: Link traversal failure
  #011: (file name) line (number) in H5G_traverse_ud(): traversal callback returned invalid ID
    major: Symbol table
    minor: Unable to find atom information (already closed?)
  #012: (file name) line (number) in H5L_extern_traverse(): unable to open object
    major: Symbol table
    minor: Can't open object
  #013: (file name) line (number) in H5O_open_name(): object not found
    major: Symbol table
    minor: Object not found
  #014: (file name) line (number) in H5G_loc_find(): can't find object
    major: Symbol table
    minor: Object not found
  #015: (file name) line (number) in H5G_traverse(): internal path traversal failed
    major: Symbol table
    minor: Object not found
  #016: (file name) line (number) in H5G_traverse_real(): special link traversal failed
    major: Links
    minor: Link traversal failure
  #017: (file name) line (number) in H5G__traverse_special(): user-defined link traversal failed
    major: Links
    minor: Link traversal failure
  #018: (file name) line (number) in H5G_traverse_ud(): traversal callback returned invalid ID
    major: Symbol table
    minor: Unable to find atom information (already closed?)
  #019: (file name) line (number) in H5L_extern_traverse(): unable to open object
    major: Symbol table
    minor: Can't open object
  #020: (file name) line (number) in H5O_open_name(): object not found
    major: Symbol table
    minor: Object not found
  #021: (file name) line (number) in H5G_loc_find(): can't find object
    major: Symbol table
    minor: Object not found
  #022: (file name) line (number) in H5G_traverse(): internal path traversal failed
    major: Symbol table
    minor: Object not found
  #023: (file name) line (number) in H5G_traverse_real(): special link traversal failed
    major: Links
    minor: Link traversal failure
  #024: (file name) line (number) in H5G__traverse_special(): user-defined link traversal failed
    major: Links
    minor: Link traversal failure
  #025: (file name) line (number) in H5G_traverse_ud(): traversal callback returned invalid ID
    major: Symbol table
    minor: Unable to find atom information (already closed?)
  #026: (file name) line (number) in H5L_extern_traverse(): unable to open object
    major: Symbol table
    minor: Can't open object
  #027: (file name) line (number) in H5O_open_name(): object not found
    major: Symbol table
    minor: Object not found
  #028: (file name) line (number) in H5G_loc_find(): can't find object
    major: Symbol table
    minor: Object not found
  #029: (file name) line (number) in H5G_traverse(): internal path traversal failed
    major: Symbol table
    minor: Object not found
  #030: (file name) line (number) in H5G_traverse_real(): special link traversal failed
    major: Links
    minor: Link traversal failure
  #031: (file name) line (number) in H5G__traverse_special(): too many links
    major: Links
    minor: Too many soft links in path
